[2020-03-31 11:57:57 : INFO] - Re_Smush_It_Task with attachment ID : 6152, autocreated on : March 31, 2020 11:57:57 
[2020-03-31 12:03:02 : INFO] - 
 
[2020-03-31 12:03:02 : INFO] - Header for logs at time:  Tue, 31 Mar 2020 12:03:02 +0000 on https://www.timeless-photography.com.au 
[2020-03-31 12:03:02 : INFO] - WP: 5.3.2 
[2020-03-31 12:03:02 : INFO] - PHP: 7.2.29 (litespeed, Linux chris.zuver.net.au 2.6.32-954.3.5.lve1.4.59.el6.x86_64 #1 SMP Thu Dec 6 05:11:00 EST 2018 x86_64) 
[2020-03-31 12:03:02 : INFO] - MySQL: 5.6.47 
[2020-03-31 12:03:02 : INFO] - WPLANG: en_US 
[2020-03-31 12:03:02 : INFO] - Server: LiteSpeed 
[2020-03-31 12:03:02 : INFO] - Outbound connections: N 
[2020-03-31 12:03:02 : INFO] - safe_mode: 0 
[2020-03-31 12:03:02 : INFO] - max_execution_time: 30 
[2020-03-31 12:03:02 : INFO] - memory_limit: 128M (used: 41.1M | 44.3M) 
[2020-03-31 12:03:02 : INFO] - multisite: N 
[2020-03-31 12:03:02 : INFO] - openssl: OpenSSL 1.0.2k  26 Jan 2017 
[2020-03-31 12:03:02 : INFO] - A total of 1 tasks of type smush found and will be processed in this iteration 
[2020-03-31 12:03:02 : INFO] - Set semaphore last lock (smush) time to 2020-03-31 12:03:02 
[2020-03-31 12:03:02 : INFO] - Semaphore lock (smush) complete 
[2020-03-31 12:03:02 : INFO] - Processing task with ID : 119, and type 'smush' 
[2020-03-31 12:03:02 : INFO] - Re_Smush_It_Task with attachment ID : 6152, autocreated on : March 31, 2020 11:57:57 
[2020-03-31 12:03:02 : INFO] - 90 
[2020-03-31 12:03:04 : INFO] - Backing up the original image - 2020/03/Logo_Side-updraft-pre-smush-original.png 
[2020-03-31 12:03:04 : INFO] - Re_Smush_It_Task with attachment ID : 6152, autocreated on : March 31, 2020 11:57:57 
[2020-03-31 12:03:04 : INFO] - 90 
[2020-03-31 12:03:10 : INFO] - Re_Smush_It_Task with attachment ID : 6152, autocreated on : March 31, 2020 11:57:57 
[2020-03-31 12:03:10 : INFO] - 90 
[2020-03-31 12:03:13 : INFO] - Re_Smush_It_Task with attachment ID : 6152, autocreated on : March 31, 2020 11:57:57 
[2020-03-31 12:03:13 : INFO] - 90 
[2020-03-31 12:03:15 : INFO] - Successfully optimized the image - /home2/petrinat/public_html/wp-content/uploads/2020/03/Logo_Side.png.The file was compressed from 2.05 KB to 1.10 KB saving 46.09 percent using WP-Optimize 
[2020-03-31 12:03:15 : INFO] - Completed processing task with ID : 119, and type 'smush' 
[2020-03-31 12:03:15 : INFO] - Decremented the semaphore (smush) by 1 
[2020-03-31 12:03:15 : INFO] - Semaphore (smush) unlocked 
[2020-03-31 12:03:15 : INFO] - Successfully processed the queue (smush). 1 tasks were processed out of 1. 
[2020-03-31 12:03:15 : INFO] - Semaphore (smush, wpdt_options) was successfully cleaned up 
[2020-03-31 12:03:15 : INFO] - Cleaning up tasks of type (smush). A total of 1 tasks will be deleted. 
[2020-03-31 12:13:22 : INFO] - 
 
[2020-03-31 12:13:22 : INFO] - Header for logs at time:  Tue, 31 Mar 2020 12:13:22 +0000 on https://www.timeless-photography.com.au 
[2020-03-31 12:13:22 : INFO] - WP: 5.3.2 
[2020-03-31 12:13:22 : INFO] - PHP: 7.2.29 (litespeed, Linux chris.zuver.net.au 2.6.32-954.3.5.lve1.4.59.el6.x86_64 #1 SMP Thu Dec 6 05:11:00 EST 2018 x86_64) 
[2020-03-31 12:13:22 : INFO] - MySQL: 5.6.47 
[2020-03-31 12:13:22 : INFO] - WPLANG: en_US 
[2020-03-31 12:13:22 : INFO] - Server: LiteSpeed 
[2020-03-31 12:13:22 : INFO] - Outbound connections: N 
[2020-03-31 12:13:22 : INFO] - safe_mode: 0 
[2020-03-31 12:13:22 : INFO] - max_execution_time: 30 
[2020-03-31 12:13:22 : INFO] - memory_limit: 128M (used: 41.1M | 44.3M) 
[2020-03-31 12:13:22 : INFO] - multisite: N 
[2020-03-31 12:13:22 : INFO] - openssl: OpenSSL 1.0.2k  26 Jan 2017 
[2020-03-31 12:13:22 : INFO] - The queue for tasks of type "smush" is empty. Aborting! 
